{
  "stats": {
    "suites": 1,
    "tests": 4,
    "passes": 4,
    "pending": 0,
    "failures": 0,
    "start": "2021-12-16T02:16:30.021Z",
    "end": "2021-12-16T02:16:34.362Z",
    "duration": 4341,
    "testsRegistered": 4,
    "passPercent": 100,
    "pendingPercent": 0,
    "other": 0,
    "hasOther": false,
    "skipped": 0,
    "hasSkipped": false
  },
  "results": [
    {
      "uuid": "b4275c63-c998-4b32-afad-e5398f92a547",
      "title": "",
      "fullFile": "cypress/integration/ui-signIn.spec.js",
      "file": "cypress/integration/ui-signIn.spec.js",
      "beforeHooks": [],
      "afterHooks": [],
      "tests": [],
      "suites": [
        {
          "uuid": "028403f9-a981-43f8-a932-fca4484f47ad",
          "title": "Sign In",
          "fullFile": "",
          "file": "",
          "beforeHooks": [],
          "afterHooks": [],
          "tests": [
            {
              "title": "Quando eu iserir os dados corretamente, então o login deve ser efetuado",
              "fullTitle": "Sign In Quando eu iserir os dados corretamente, então o login deve ser efetuado",
              "timedOut": null,
              "duration": 1652,
              "state": "passed",
              "speed": "slow",
              "pass": true,
              "fail": false,
              "pending": false,
              "context": null,
              "code": "cy.intercept({\n  method: 'POST',\n  path: '/api/users/login'\n}, {\n  statusCode: 200,\n  fixture: 'login-sucesso'\n}).as('loginUser');\ncy.visit('login');\n_login.default.inputCredentials();\n_login.default.clickButton();\ncy.url().should('contain', '#/');",
              "err": {},
              "uuid": "4f7a2174-798a-4306-8e3d-4672df4df688",
              "parentUUID": "028403f9-a981-43f8-a932-fca4484f47ad",
              "isHook": false,
              "skipped": false
            },
            {
              "title": "Quando eu inserir a senha incorreta, então deve retornar erro 403",
              "fullTitle": "Sign In Quando eu inserir a senha incorreta, então deve retornar erro 403",
              "timedOut": null,
              "duration": 948,
              "state": "passed",
              "speed": "slow",
              "pass": true,
              "fail": false,
              "pending": false,
              "context": null,
              "code": "cy.intercept({\n  method: 'POST',\n  path: '/api/users/login'\n}, {\n  statusCode: 403,\n  fixture: 'senha-incorreta'\n}).as('loginUser');\ncy.visit('login');\n_login.default.inputCredentials();\n_login.default.clickButton();\ncy.contains('email or password is invalid').should('be.visible');",
              "err": {},
              "uuid": "20380f86-1c06-4513-b549-2b4ce084eeed",
              "parentUUID": "028403f9-a981-43f8-a932-fca4484f47ad",
              "isHook": false,
              "skipped": false
            },
            {
              "title": "Quando eu deixar o campo de e-mail em branco, então deve retornar o erro 422",
              "fullTitle": "Sign In Quando eu deixar o campo de e-mail em branco, então deve retornar o erro 422",
              "timedOut": null,
              "duration": 851,
              "state": "passed",
              "speed": "slow",
              "pass": true,
              "fail": false,
              "pending": false,
              "context": null,
              "code": "cy.intercept({\n  method: 'POST',\n  path: '/api/users/login'\n}, {\n  statusCode: 422,\n  fixture: 'email-em-branco'\n}).as('loginUser');\ncy.visit('login');\n_login.default.inputCredentials();\n_login.default.clickButton();\ncy.contains(\"email can't be blank\").should('be.visible');",
              "err": {},
              "uuid": "03ef7ec2-c28f-4c9d-b13e-072f3a98fd9a",
              "parentUUID": "028403f9-a981-43f8-a932-fca4484f47ad",
              "isHook": false,
              "skipped": false
            },
            {
              "title": "Quando eu deixar o campo senha em branco, então deve retornar um erro 422",
              "fullTitle": "Sign In Quando eu deixar o campo senha em branco, então deve retornar um erro 422",
              "timedOut": null,
              "duration": 862,
              "state": "passed",
              "speed": "slow",
              "pass": true,
              "fail": false,
              "pending": false,
              "context": null,
              "code": "cy.intercept({\n  method: 'POST',\n  path: '/api/users/login'\n}, {\n  statusCode: 422,\n  fixture: 'senha-em-branco'\n}).as('loginUser');\ncy.visit('login');\n_login.default.inputCredentials();\n_login.default.clickButton();\ncy.contains(\"password can't be blank\").should('be.visible');",
              "err": {},
              "uuid": "cab9eab6-2221-429d-a9c6-de7a3caed2da",
              "parentUUID": "028403f9-a981-43f8-a932-fca4484f47ad",
              "isHook": false,
              "skipped": false
            }
          ],
          "suites": [],
          "passes": [
            "4f7a2174-798a-4306-8e3d-4672df4df688",
            "20380f86-1c06-4513-b549-2b4ce084eeed",
            "03ef7ec2-c28f-4c9d-b13e-072f3a98fd9a",
            "cab9eab6-2221-429d-a9c6-de7a3caed2da"
          ],
          "failures": [],
          "pending": [],
          "skipped": [],
          "duration": 4313,
          "root": false,
          "rootEmpty": false,
          "_timeout": 2000
        }
      ],
      "passes": [],
      "failures": [],
      "pending": [],
      "skipped": [],
      "duration": 0,
      "root": true,
      "rootEmpty": true,
      "_timeout": 2000
    }
  ],
  "meta": {
    "mocha": {
      "version": "7.0.1"
    },
    "mochawesome": {
      "options": {
        "quiet": true,
        "reportFilename": "mochawesome",
        "saveHtml": false,
        "saveJson": true,
        "consoleReporter": "spec",
        "useInlineDiffs": false,
        "code": true
      },
      "version": "7.0.1"
    },
    "marge": {
      "options": {
        "id": "default",
        "reportDir": "mochawesome-report",
        "quiet": true,
        "overwrite": false,
        "html": false,
        "json": true
      },
      "version": "6.0.1"
    }
  }
}