{
  "stats": {
    "suites": 1,
    "tests": 3,
    "passes": 3,
    "pending": 0,
    "failures": 0,
    "start": "2021-12-16T02:16:59.135Z",
    "end": "2021-12-16T02:17:03.814Z",
    "duration": 4679,
    "testsRegistered": 3,
    "passPercent": 100,
    "pendingPercent": 0,
    "other": 0,
    "hasOther": false,
    "skipped": 0,
    "hasSkipped": false
  },
  "results": [
    {
      "uuid": "6df1c606-c0e8-43a1-acea-eb69f4bf47f7",
      "title": "",
      "fullFile": "cypress/integration/e2e-signup.spec.js",
      "file": "cypress/integration/e2e-signup.spec.js",
      "beforeHooks": [],
      "afterHooks": [],
      "tests": [],
      "suites": [
        {
          "uuid": "6b93d288-384b-4ef4-b351-04165565c18e",
          "title": "New user",
          "fullFile": "",
          "file": "",
          "beforeHooks": [],
          "afterHooks": [],
          "tests": [
            {
              "title": "Quando eu informar os dados corretamente, então o cadastro deve ser criado",
              "fullTitle": "New user Quando eu informar os dados corretamente, então o cadastro deve ser criado",
              "timedOut": null,
              "duration": 2575,
              "state": "passed",
              "speed": "slow",
              "pass": true,
              "fail": false,
              "pending": false,
              "context": null,
              "code": "_signUp.default.inputSignUp();\n_signUp.default.submitSignUp();\ncy.url().should('contain', '#/');",
              "err": {},
              "uuid": "21c15169-9e0e-4d06-a56f-5d6e22ce9816",
              "parentUUID": "6b93d288-384b-4ef4-b351-04165565c18e",
              "isHook": false,
              "skipped": false
            },
            {
              "title": "Quando eu não informar os dados duplicados, então deve retornar uma mensagem de erro",
              "fullTitle": "New user Quando eu não informar os dados duplicados, então deve retornar uma mensagem de erro",
              "timedOut": null,
              "duration": 1588,
              "state": "passed",
              "speed": "slow",
              "pass": true,
              "fail": false,
              "pending": false,
              "context": null,
              "code": "_signUp.default.inputSignUp();\n_signUp.default.submitSignUp();\n_signUp.default.assert();",
              "err": {},
              "uuid": "ed9d59c6-1b9b-4b8b-b97c-8bd0d61c5b50",
              "parentUUID": "6b93d288-384b-4ef4-b351-04165565c18e",
              "isHook": false,
              "skipped": false
            },
            {
              "title": "Quando eu não informar os dados e clicar em Sign Up, então deve retornar uma mensagem de erro",
              "fullTitle": "New user Quando eu não informar os dados e clicar em Sign Up, então deve retornar uma mensagem de erro",
              "timedOut": null,
              "duration": 460,
              "state": "passed",
              "speed": "slow",
              "pass": true,
              "fail": false,
              "pending": false,
              "context": null,
              "code": "_signUp.default.submitSignUp();\ncy.contains(\"email can't be blank\");",
              "err": {},
              "uuid": "7a038d93-4aaf-4adc-b029-6a330d7f2b43",
              "parentUUID": "6b93d288-384b-4ef4-b351-04165565c18e",
              "isHook": false,
              "skipped": false
            }
          ],
          "suites": [],
          "passes": [
            "21c15169-9e0e-4d06-a56f-5d6e22ce9816",
            "ed9d59c6-1b9b-4b8b-b97c-8bd0d61c5b50",
            "7a038d93-4aaf-4adc-b029-6a330d7f2b43"
          ],
          "failures": [],
          "pending": [],
          "skipped": [],
          "duration": 4623,
          "root": false,
          "rootEmpty": false,
          "_timeout": 2000
        }
      ],
      "passes": [],
      "failures": [],
      "pending": [],
      "skipped": [],
      "duration": 0,
      "root": true,
      "rootEmpty": true,
      "_timeout": 2000
    }
  ],
  "meta": {
    "mocha": {
      "version": "7.0.1"
    },
    "mochawesome": {
      "options": {
        "quiet": true,
        "reportFilename": "mochawesome",
        "saveHtml": false,
        "saveJson": true,
        "consoleReporter": "spec",
        "useInlineDiffs": false,
        "code": true
      },
      "version": "7.0.1"
    },
    "marge": {
      "options": {
        "id": "default",
        "reportDir": "mochawesome-report",
        "quiet": true,
        "overwrite": false,
        "html": false,
        "json": true
      },
      "version": "6.0.1"
    }
  }
}