{
  "stats": {
    "suites": 1,
    "tests": 4,
    "passes": 4,
    "pending": 0,
    "failures": 0,
    "start": "2021-12-16T02:17:07.473Z",
    "end": "2021-12-16T02:17:12.248Z",
    "duration": 4775,
    "testsRegistered": 4,
    "passPercent": 100,
    "pendingPercent": 0,
    "other": 0,
    "hasOther": false,
    "skipped": 0,
    "hasSkipped": false
  },
  "results": [
    {
      "uuid": "f5fcbdd5-6630-4a52-98d1-d1af6db8c6ba",
      "title": "",
      "fullFile": "cypress/integration/ui-signIn.spec.js",
      "file": "cypress/integration/ui-signIn.spec.js",
      "beforeHooks": [],
      "afterHooks": [],
      "tests": [],
      "suites": [
        {
          "uuid": "f122d172-fca7-405d-87d5-7555117fe75b",
          "title": "Sign In",
          "fullFile": "",
          "file": "",
          "beforeHooks": [],
          "afterHooks": [],
          "tests": [
            {
              "title": "Quando eu iserir os dados corretamente, então o login deve ser efetuado",
              "fullTitle": "Sign In Quando eu iserir os dados corretamente, então o login deve ser efetuado",
              "timedOut": null,
              "duration": 1648,
              "state": "passed",
              "speed": "slow",
              "pass": true,
              "fail": false,
              "pending": false,
              "context": null,
              "code": "cy.intercept({\n  method: 'POST',\n  path: '/api/users/login'\n}, {\n  statusCode: 200,\n  fixture: 'login-sucesso'\n}).as('loginUser');\ncy.visit('login');\n_login.default.inputCredentials();\n_login.default.clickButton();\ncy.url().should('contain', '#/');",
              "err": {},
              "uuid": "44f72d24-be94-449f-afdb-14ebee448e76",
              "parentUUID": "f122d172-fca7-405d-87d5-7555117fe75b",
              "isHook": false,
              "skipped": false
            },
            {
              "title": "Quando eu inserir a senha incorreta, então deve retornar erro 403",
              "fullTitle": "Sign In Quando eu inserir a senha incorreta, então deve retornar erro 403",
              "timedOut": null,
              "duration": 1340,
              "state": "passed",
              "speed": "slow",
              "pass": true,
              "fail": false,
              "pending": false,
              "context": null,
              "code": "cy.intercept({\n  method: 'POST',\n  path: '/api/users/login'\n}, {\n  statusCode: 403,\n  fixture: 'senha-incorreta'\n}).as('loginUser');\ncy.visit('login');\n_login.default.inputCredentials();\n_login.default.clickButton();\ncy.contains('email or password is invalid').should('be.visible');",
              "err": {},
              "uuid": "4340d3af-87a3-4895-aa08-73a1da0a68fb",
              "parentUUID": "f122d172-fca7-405d-87d5-7555117fe75b",
              "isHook": false,
              "skipped": false
            },
            {
              "title": "Quando eu deixar o campo de e-mail em branco, então deve retornar o erro 422",
              "fullTitle": "Sign In Quando eu deixar o campo de e-mail em branco, então deve retornar o erro 422",
              "timedOut": null,
              "duration": 841,
              "state": "passed",
              "speed": "slow",
              "pass": true,
              "fail": false,
              "pending": false,
              "context": null,
              "code": "cy.intercept({\n  method: 'POST',\n  path: '/api/users/login'\n}, {\n  statusCode: 422,\n  fixture: 'email-em-branco'\n}).as('loginUser');\ncy.visit('login');\n_login.default.inputCredentials();\n_login.default.clickButton();\ncy.contains(\"email can't be blank\").should('be.visible');",
              "err": {},
              "uuid": "17d17a0d-8376-4881-a201-77043900bfda",
              "parentUUID": "f122d172-fca7-405d-87d5-7555117fe75b",
              "isHook": false,
              "skipped": false
            },
            {
              "title": "Quando eu deixar o campo senha em branco, então deve retornar um erro 422",
              "fullTitle": "Sign In Quando eu deixar o campo senha em branco, então deve retornar um erro 422",
              "timedOut": null,
              "duration": 868,
              "state": "passed",
              "speed": "slow",
              "pass": true,
              "fail": false,
              "pending": false,
              "context": null,
              "code": "cy.intercept({\n  method: 'POST',\n  path: '/api/users/login'\n}, {\n  statusCode: 422,\n  fixture: 'senha-em-branco'\n}).as('loginUser');\ncy.visit('login');\n_login.default.inputCredentials();\n_login.default.clickButton();\ncy.contains(\"password can't be blank\").should('be.visible');",
              "err": {},
              "uuid": "d205eb16-c30b-49a9-a049-bf8500042cc9",
              "parentUUID": "f122d172-fca7-405d-87d5-7555117fe75b",
              "isHook": false,
              "skipped": false
            }
          ],
          "suites": [],
          "passes": [
            "44f72d24-be94-449f-afdb-14ebee448e76",
            "4340d3af-87a3-4895-aa08-73a1da0a68fb",
            "17d17a0d-8376-4881-a201-77043900bfda",
            "d205eb16-c30b-49a9-a049-bf8500042cc9"
          ],
          "failures": [],
          "pending": [],
          "skipped": [],
          "duration": 4697,
          "root": false,
          "rootEmpty": false,
          "_timeout": 2000
        }
      ],
      "passes": [],
      "failures": [],
      "pending": [],
      "skipped": [],
      "duration": 0,
      "root": true,
      "rootEmpty": true,
      "_timeout": 2000
    }
  ],
  "meta": {
    "mocha": {
      "version": "7.0.1"
    },
    "mochawesome": {
      "options": {
        "quiet": true,
        "reportFilename": "mochawesome",
        "saveHtml": false,
        "saveJson": true,
        "consoleReporter": "spec",
        "useInlineDiffs": false,
        "code": true
      },
      "version": "7.0.1"
    },
    "marge": {
      "options": {
        "id": "default",
        "reportDir": "mochawesome-report",
        "quiet": true,
        "overwrite": false,
        "html": false,
        "json": true
      },
      "version": "6.0.1"
    }
  }
}