{
  "stats": {
    "suites": 1,
    "tests": 3,
    "passes": 3,
    "pending": 0,
    "failures": 0,
    "start": "2021-12-16T02:17:43.162Z",
    "end": "2021-12-16T02:17:48.152Z",
    "duration": 4990,
    "testsRegistered": 3,
    "passPercent": 100,
    "pendingPercent": 0,
    "other": 0,
    "hasOther": false,
    "skipped": 0,
    "hasSkipped": false
  },
  "results": [
    {
      "uuid": "8e2b9985-9e2f-4ec7-92c5-e104089c34f7",
      "title": "",
      "fullFile": "cypress/integration/e2e-signup.spec.js",
      "file": "cypress/integration/e2e-signup.spec.js",
      "beforeHooks": [],
      "afterHooks": [],
      "tests": [],
      "suites": [
        {
          "uuid": "02a63f83-5a21-4ff6-87a8-afeb0065f65c",
          "title": "New user",
          "fullFile": "",
          "file": "",
          "beforeHooks": [],
          "afterHooks": [],
          "tests": [
            {
              "title": "Quando eu informar os dados corretamente, então o cadastro deve ser criado",
              "fullTitle": "New user Quando eu informar os dados corretamente, então o cadastro deve ser criado",
              "timedOut": null,
              "duration": 2663,
              "state": "passed",
              "speed": "slow",
              "pass": true,
              "fail": false,
              "pending": false,
              "context": null,
              "code": "_signUp.default.inputSignUp();\n_signUp.default.submitSignUp();\ncy.url().should('contain', '#/');",
              "err": {},
              "uuid": "089abe02-7dec-4cb3-a868-4cf2f6ecbea1",
              "parentUUID": "02a63f83-5a21-4ff6-87a8-afeb0065f65c",
              "isHook": false,
              "skipped": false
            },
            {
              "title": "Quando eu não informar os dados duplicados, então deve retornar uma mensagem de erro",
              "fullTitle": "New user Quando eu não informar os dados duplicados, então deve retornar uma mensagem de erro",
              "timedOut": null,
              "duration": 1716,
              "state": "passed",
              "speed": "slow",
              "pass": true,
              "fail": false,
              "pending": false,
              "context": null,
              "code": "_signUp.default.inputSignUp();\n_signUp.default.submitSignUp();\n_signUp.default.assert();",
              "err": {},
              "uuid": "679e420e-faf2-47f0-95b2-1fd75bc1f5d0",
              "parentUUID": "02a63f83-5a21-4ff6-87a8-afeb0065f65c",
              "isHook": false,
              "skipped": false
            },
            {
              "title": "Quando eu não informar os dados e clicar em Sign Up, então deve retornar uma mensagem de erro",
              "fullTitle": "New user Quando eu não informar os dados e clicar em Sign Up, então deve retornar uma mensagem de erro",
              "timedOut": null,
              "duration": 548,
              "state": "passed",
              "speed": "slow",
              "pass": true,
              "fail": false,
              "pending": false,
              "context": null,
              "code": "_signUp.default.submitSignUp();\ncy.contains(\"email can't be blank\");",
              "err": {},
              "uuid": "011d2182-e0a3-474a-860d-8986b2de6888",
              "parentUUID": "02a63f83-5a21-4ff6-87a8-afeb0065f65c",
              "isHook": false,
              "skipped": false
            }
          ],
          "suites": [],
          "passes": [
            "089abe02-7dec-4cb3-a868-4cf2f6ecbea1",
            "679e420e-faf2-47f0-95b2-1fd75bc1f5d0",
            "011d2182-e0a3-474a-860d-8986b2de6888"
          ],
          "failures": [],
          "pending": [],
          "skipped": [],
          "duration": 4927,
          "root": false,
          "rootEmpty": false,
          "_timeout": 2000
        }
      ],
      "passes": [],
      "failures": [],
      "pending": [],
      "skipped": [],
      "duration": 0,
      "root": true,
      "rootEmpty": true,
      "_timeout": 2000
    }
  ],
  "meta": {
    "mocha": {
      "version": "7.0.1"
    },
    "mochawesome": {
      "options": {
        "quiet": true,
        "reportFilename": "mochawesome",
        "saveHtml": false,
        "saveJson": true,
        "consoleReporter": "spec",
        "useInlineDiffs": false,
        "code": true
      },
      "version": "7.0.1"
    },
    "marge": {
      "options": {
        "id": "default",
        "reportDir": "mochawesome-report",
        "quiet": true,
        "overwrite": false,
        "html": false,
        "json": true
      },
      "version": "6.0.1"
    }
  }
}